1553872726830	mozrunner::runner	INFO	Running command: "/usr/bin/firefox" "-marionette" "-foreground" "-no-remote" "-profile" "/tmp/rust_mozprofile.GuFHaWGuOYbF"
1553872730736	Marionette	INFO	Listening on port 33373
1553872730742	Marionette	WARN	TLS certificate errors will be ignored for this session
JavaScript error: https://ss1.bdstatic.com/5eN1bjq8AAUYm2zgoY3K/r/www/cache/static/protocol/https/plugins/every_cookie_4644b13.js, line 4: ReferenceError: c is not defined
console.log: Accessibility service init or shutdown observer does not exist.
*** UTM:SVC TimerManager:registerTimer called after profile-before-change notification. Ignoring timer registration for id: telemetry_modules_ping
1553872788323	mozrunner::runner	INFO	Running command: "/usr/bin/firefox" "-marionette" "-foreground" "-no-remote" "-profile" "/tmp/rust_mozprofile.JHjTKCQdTbyX"
1553872791410	Marionette	INFO	Listening on port 37299
1553872791448	Marionette	WARN	TLS certificate errors will be ignored for this session
console.log: Accessibility service init or shutdown observer does not exist.
*** UTM:SVC TimerManager:registerTimer called after profile-before-change notification. Ignoring timer registration for id: telemetry_modules_ping
1553872820434	mozrunner::runner	INFO	Running command: "/usr/bin/firefox" "-marionette" "-foreground" "-no-remote" "-profile" "/tmp/rust_mozprofile.vVPLScFAohmD"
1553872823257	Marionette	INFO	Listening on port 42397
1553872823342	Marionette	WARN	TLS certificate errors will be ignored for this session
JavaScript error: https://ss1.bdstatic.com/5eN1bjq8AAUYm2zgoY3K/r/www/cache/static/protocol/https/plugins/every_cookie_4644b13.js, line 4: ReferenceError: c is not defined
console.log: Accessibility service init or shutdown observer does not exist.
1553872824984	addons.xpi	WARN	Exception running bootstrap method shutdown on activity-stream@mozilla.org: [Exception... "Component returned failure code: 0x80004005 (NS_ERROR_FAILURE) [nsIObserverService.removeObserver]"  nsresult: "0x80004005 (NS_ERROR_FAILURE)"  location: "JS frame :: resource://activity-stream/lib/SnippetsFeed.jsm :: uninit :: line 185"  data: no] Stack trace: uninit()@resource://activity-stream/lib/SnippetsFeed.jsm:185
onAction()@resource://activity-stream/lib/SnippetsFeed.jsm:201
_middleware/</<()@resource://activity-stream/lib/Store.jsm:49
Store/this[method]()@resource://activity-stream/lib/Store.jsm:28
uninit()@resource://activity-stream/lib/Store.jsm:151
uninit()@resource://activity-stream/lib/ActivityStream.jsm:300
uninit()@resource://gre/modules/addons/XPIProvider.jsm -> jar:file:///usr/lib/firefox-esr/browser/features/activity-stream@mozilla.org.xpi!/bootstrap.js:73
shutdown()@resource://gre/modules/addons/XPIProvider.jsm -> jar:file:///usr/lib/firefox-esr/browser/features/activity-stream@mozilla.org.xpi!/bootstrap.js:169
callBootstrapMethod()@resource://gre/modules/addons/XPIProvider.jsm:4446
observe()@resource://gre/modules/addons/XPIProvider.jsm:2293
GeckoDriver.prototype.quit()@driver.js:3300
despatch()@server.js:293
execute()@server.js:267
onPacket/<()@server.js:242
onPacket()@server.js:241
_onJSONObjectReady/<()@transport.js:500
*** UTM:SVC TimerManager:registerTimer called after profile-before-change notification. Ignoring timer registration for id: telemetry_modules_ping
1553907700348	mozrunner::runner	INFO	Running command: "/usr/bin/firefox" "-marionette" "-foreground" "-no-remote" "-profile" "/tmp/rust_mozprofile.ZMkhGfgBPjcV"
1553907703160	Marionette	INFO	Listening on port 42371
1553907703172	Marionette	WARN	TLS certificate errors will be ignored for this session
console.log: Accessibility service init or shutdown observer does not exist.
*** UTM:SVC TimerManager:registerTimer called after profile-before-change notification. Ignoring timer registration for id: telemetry_modules_ping
1553908498979	mozrunner::runner	INFO	Running command: "/usr/bin/firefox" "-marionette" "-foreground" "-no-remote" "-profile" "/tmp/rust_mozprofile.CusYplbGm3Lr"
1553908502002	Marionette	INFO	Listening on port 38955
1553908502096	Marionette	WARN	TLS certificate errors will be ignored for this session
console.log: Accessibility service init or shutdown observer does not exist.
*** UTM:SVC TimerManager:registerTimer called after profile-before-change notification. Ignoring timer registration for id: telemetry_modules_ping
1553908567389	mozrunner::runner	INFO	Running command: "/usr/bin/firefox" "-marionette" "-foreground" "-no-remote" "-profile" "/tmp/rust_mozprofile.7p6HGNgq6uFX"
1553908570377	Marionette	INFO	Listening on port 34545
1553908570402	Marionette	WARN	TLS certificate errors will be ignored for this session
console.log: Accessibility service init or shutdown observer does not exist.
*** UTM:SVC TimerManager:registerTimer called after profile-before-change notification. Ignoring timer registration for id: telemetry_modules_ping
1553920596420	mozrunner::runner	INFO	Running command: "/usr/bin/firefox" "-marionette" "-foreground" "-no-remote" "-profile" "/tmp/rust_mozprofile.pXm6npvxx0wG"
1553920600657	Marionette	INFO	Listening on port 32779
1553920600747	Marionette	WARN	TLS certificate errors will be ignored for this session
console.log: Accessibility service init or shutdown observer does not exist.
*** UTM:SVC TimerManager:registerTimer called after profile-before-change notification. Ignoring timer registration for id: telemetry_modules_ping
1553920643825	mozrunner::runner	INFO	Running command: "/usr/bin/firefox" "-marionette" "-foreground" "-no-remote" "-profile" "/tmp/rust_mozprofile.GPcnlCXJi3Z6"
1553920646772	Marionette	INFO	Listening on port 35909
1553920646833	Marionette	WARN	TLS certificate errors will be ignored for this session
console.log: Accessibility service init or shutdown observer does not exist.
*** UTM:SVC TimerManager:registerTimer called after profile-before-change notification. Ignoring timer registration for id: telemetry_modules_ping
1553920700143	mozrunner::runner	INFO	Running command: "/usr/bin/firefox" "-marionette" "-foreground" "-no-remote" "-profile" "/tmp/rust_mozprofile.aiYtbGCXDwtR"
1553920703097	Marionette	INFO	Listening on port 46297
1553920703154	Marionette	WARN	TLS certificate errors will be ignored for this session
JavaScript error: https://ss1.bdstatic.com/5eN1bjq8AAUYm2zgoY3K/r/www/cache/static/protocol/https/plugins/every_cookie_4644b13.js, line 4: ReferenceError: c is not defined
console.log: Accessibility service init or shutdown observer does not exist.
*** UTM:SVC TimerManager:registerTimer called after profile-before-change notification. Ignoring timer registration for id: telemetry_modules_ping
1553920730060	mozrunner::runner	INFO	Running command: "/usr/bin/firefox" "-marionette" "-foreground" "-no-remote" "-profile" "/tmp/rust_mozprofile.K9uqtSE6T7e7"
1553920733120	Marionette	INFO	Listening on port 35913
1553920733168	Marionette	WARN	TLS certificate errors will be ignored for this session
JavaScript error: https://ss1.bdstatic.com/5eN1bjq8AAUYm2zgoY3K/r/www/cache/static/protocol/https/plugins/every_cookie_4644b13.js, line 4: ReferenceError: c is not defined
console.log: Accessibility service init or shutdown observer does not exist.
*** UTM:SVC TimerManager:registerTimer called after profile-before-change notification. Ignoring timer registration for id: telemetry_modules_ping
1553921236647	mozrunner::runner	INFO	Running command: "/usr/bin/firefox" "-marionette" "-foreground" "-no-remote" "-profile" "/tmp/rust_mozprofile.UyUcvH85xfac"
1553921239751	Marionette	INFO	Listening on port 41737
1553921239765	Marionette	WARN	TLS certificate errors will be ignored for this session
JavaScript error: https://ss1.bdstatic.com/5eN1bjq8AAUYm2zgoY3K/r/www/cache/static/protocol/https/plugins/every_cookie_4644b13.js, line 4: ReferenceError: c is not defined
console.log: Accessibility service init or shutdown observer does not exist.
*** UTM:SVC TimerManager:registerTimer called after profile-before-change notification. Ignoring timer registration for id: telemetry_modules_ping
1553921917823	mozrunner::runner	INFO	Running command: "/usr/bin/firefox" "-marionette" "-foreground" "-no-remote" "-profile" "/tmp/rust_mozprofile.4te73yWKq03O"
1553921920751	Marionette	INFO	Listening on port 42237
1553921920831	Marionette	WARN	TLS certificate errors will be ignored for this session
JavaScript error: https://ss1.bdstatic.com/5eN1bjq8AAUYm2zgoY3K/r/www/cache/static/protocol/https/plugins/every_cookie_4644b13.js, line 4: ReferenceError: c is not defined
1553921955044	mozrunner::runner	INFO	Running command: "/usr/bin/firefox" "-marionette" "-foreground" "-no-remote" "-profile" "/tmp/rust_mozprofile.zSdRuGFipgwt"
1553921958301	Marionette	INFO	Listening on port 46877
1553921958353	Marionette	WARN	TLS certificate errors will be ignored for this session
JavaScript error: https://ss1.bdstatic.com/5eN1bjq8AAUYm2zgoY3K/r/www/cache/static/protocol/https/plugins/every_cookie_4644b13.js, line 4: ReferenceError: c is not defined
console.log: Accessibility service init or shutdown observer does not exist.
*** UTM:SVC TimerManager:registerTimer called after profile-before-change notification. Ignoring timer registration for id: telemetry_modules_ping
console.log: Accessibility service init or shutdown observer does not exist.
1553922064313	mozrunner::runner	INFO	Running command: "/usr/bin/firefox" "-marionette" "-foreground" "-no-remote" "-profile" "/tmp/rust_mozprofile.V0Nm8rAGmGpQ"
1553922067646	Marionette	INFO	Listening on port 42031
1553922067722	Marionette	WARN	TLS certificate errors will be ignored for this session
JavaScript error: https://ss1.bdstatic.com/5eN1bjq8AAUYm2zgoY3K/r/www/cache/static/protocol/https/plugins/every_cookie_4644b13.js, line 4: ReferenceError: c is not defined
console.warn: LoginRecipes: getRecipes: falling back to a synchronous message for: https://www.baidu.com
JavaScript warning: https://csdnimg.cn/public/common/libs/jquery/jquery-1.9.1.min.js, line 1: Using //@ to indicate sourceMappingURL pragmas is deprecated. Use //# instead
JavaScript warning: https://csdnimg.cn/rabbit/exposure-click/main-1.0.6.js, line 556: unreachable code after return statement
JavaScript warning: https://csdnimg.cn/rabbit/exposure-click/main-1.0.6.js, line 556: unreachable code after return statement
JavaScript error: https://csdnimg.cn/release/phoenix/template/js/detail-715f188409.min.js, line 4: TypeError: events[system(...)] is undefined
JavaScript warning: https://csdnimg.cn/public/common/libs/jquery/jquery-1.9.1.min.js, line 1: Using //@ to indicate sourceMappingURL pragmas is deprecated. Use //# instead
JavaScript warning: https://csdnimg.cn/rabbit/exposure-click/main-1.0.6.js, line 556: unreachable code after return statement
JavaScript warning: https://csdnimg.cn/rabbit/exposure-click/main-1.0.6.js, line 556: unreachable code after return statement
JavaScript error: https://csdnimg.cn/release/phoenix/template/js/detail-715f188409.min.js, line 4: TypeError: events[system(...)] is undefined
JavaScript warning: https://csdnimg.cn/public/common/libs/jquery/jquery-1.9.1.min.js, line 1: Using //@ to indicate sourceMappingURL pragmas is deprecated. Use //# instead
JavaScript warning: https://csdnimg.cn/rabbit/exposure-click/main-1.0.6.js, line 556: unreachable code after return statement
JavaScript warning: https://csdnimg.cn/rabbit/exposure-click/main-1.0.6.js, line 556: unreachable code after return statement
JavaScript error: https://csdnimg.cn/release/phoenix/template/js/detail-715f188409.min.js, line 4: TypeError: events[system(...)] is undefined
1553922267371	mozrunner::runner	INFO	Running command: "/usr/bin/firefox" "-marionette" "-foreground" "-no-remote" "-profile" "/tmp/rust_mozprofile.KBrbS3PveIqM"
1553922270669	Marionette	INFO	Listening on port 36673
1553922270682	Marionette	WARN	TLS certificate errors will be ignored for this session
JavaScript error: https://ss1.bdstatic.com/5eN1bjq8AAUYm2zgoY3K/r/www/cache/static/protocol/https/plugins/every_cookie_4644b13.js, line 4: ReferenceError: c is not defined
console.log: Accessibility service init or shutdown observer does not exist.
*** UTM:SVC TimerManager:registerTimer called after profile-before-change notification. Ignoring timer registration for id: telemetry_modules_ping
1553922295140	mozrunner::runner	INFO	Running command: "/usr/bin/firefox" "-marionette" "-foreground" "-no-remote" "-profile" "/tmp/rust_mozprofile.0FS3T9fGn5sl"
1553922298211	Marionette	INFO	Listening on port 33479
1553922298255	Marionette	WARN	TLS certificate errors will be ignored for this session
JavaScript error: https://ss1.bdstatic.com/5eN1bjq8AAUYm2zgoY3K/r/www/cache/static/protocol/https/plugins/every_cookie_4644b13.js, line 4: ReferenceError: c is not defined
console.log: Accessibility service init or shutdown observer does not exist.
*** UTM:SVC TimerManager:registerTimer called after profile-before-change notification. Ignoring timer registration for id: telemetry_modules_ping
1553923710155	mozrunner::runner	INFO	Running command: "/usr/bin/firefox" "-marionette" "-foreground" "-no-remote" "-profile" "/tmp/rust_mozprofile.glcQ9GIrULyW"
1553923713475	Marionette	INFO	Listening on port 35715
1553923713570	Marionette	WARN	TLS certificate errors will be ignored for this session
JavaScript error: https://ss1.bdstatic.com/5eN1bjq8AAUYm2zgoY3K/r/www/cache/static/protocol/https/plugins/every_cookie_4644b13.js, line 4: ReferenceError: c is not defined
console.log: Accessibility service init or shutdown observer does not exist.
*** UTM:SVC TimerManager:registerTimer called after profile-before-change notification. Ignoring timer registration for id: telemetry_modules_ping
1553923823934	mozrunner::runner	INFO	Running command: "/usr/bin/firefox" "-marionette" "-foreground" "-no-remote" "-profile" "/tmp/rust_mozprofile.bGams5gINsZK"
1553923827349	Marionette	INFO	Listening on port 43311
1553923827441	Marionette	WARN	TLS certificate errors will be ignored for this session
JavaScript error: https://ss1.bdstatic.com/5eN1bjq8AAUYm2zgoY3K/r/www/cache/static/protocol/https/plugins/every_cookie_4644b13.js, line 4: ReferenceError: c is not defined
console.log: Accessibility service init or shutdown observer does not exist.
*** UTM:SVC TimerManager:registerTimer called after profile-before-change notification. Ignoring timer registration for id: telemetry_modules_ping
1553925159475	mozrunner::runner	INFO	Running command: "/usr/bin/firefox" "-marionette" "-foreground" "-no-remote" "-profile" "/tmp/rust_mozprofile.YzOpXANUDElV"
1553925162694	Marionette	INFO	Listening on port 37565
1553925162783	Marionette	WARN	TLS certificate errors will be ignored for this session
JavaScript error: https://ss1.bdstatic.com/5eN1bjq8AAUYm2zgoY3K/r/www/cache/static/protocol/https/plugins/every_cookie_4644b13.js, line 4: ReferenceError: c is not defined
console.log: Accessibility service init or shutdown observer does not exist.
*** UTM:SVC TimerManager:registerTimer called after profile-before-change notification. Ignoring timer registration for id: telemetry_modules_ping
1553926991158	mozrunner::runner	INFO	Running command: "/usr/bin/firefox" "-marionette" "-foreground" "-no-remote" "-profile" "/tmp/rust_mozprofile.0Vtaj3sLpWyT"
1553926994472	Marionette	INFO	Listening on port 35337
1553926994586	Marionette	WARN	TLS certificate errors will be ignored for this session
JavaScript error: https://ss1.bdstatic.com/5eN1bjq8AAUYm2zgoY3K/r/www/cache/static/protocol/https/plugins/every_cookie_4644b13.js, line 4: ReferenceError: c is not defined
console.log: Accessibility service init or shutdown observer does not exist.
*** UTM:SVC TimerManager:registerTimer called after profile-before-change notification. Ignoring timer registration for id: telemetry_modules_ping
1553927012189	mozrunner::runner	INFO	Running command: "/usr/bin/firefox" "-marionette" "-foreground" "-no-remote" "-profile" "/tmp/rust_mozprofile.eXv29EY61dTw"
1553927015622	Marionette	INFO	Listening on port 36171
1553927015698	Marionette	WARN	TLS certificate errors will be ignored for this session
ATTENTION: default value of option force_s3tc_enable overridden by environment.
console.log: Accessibility service init or shutdown observer does not exist.
*** UTM:SVC TimerManager:registerTimer called after profile-before-change notification. Ignoring timer registration for id: telemetry_modules_ping
1553927302363	mozrunner::runner	INFO	Running command: "/usr/bin/firefox" "-marionette" "-foreground" "-no-remote" "-profile" "/tmp/rust_mozprofile.Wmh2tCq1rAlw"
1553927305780	Marionette	INFO	Listening on port 36361
1553927305871	Marionette	WARN	TLS certificate errors will be ignored for this session
ATTENTION: default value of option force_s3tc_enable overridden by environment.
console.log: Accessibility service init or shutdown observer does not exist.
*** UTM:SVC TimerManager:registerTimer called after profile-before-change notification. Ignoring timer registration for id: telemetry_modules_ping
1553927506996	mozrunner::runner	INFO	Running command: "/usr/bin/firefox" "-marionette" "-foreground" "-no-remote" "-profile" "/tmp/rust_mozprofile.IM0ymWrWsO3r"
1553927510357	Marionette	INFO	Listening on port 34343
1553927510414	Marionette	WARN	TLS certificate errors will be ignored for this session
ATTENTION: default value of option force_s3tc_enable overridden by environment.
console.log: Accessibility service init or shutdown observer does not exist.
*** UTM:SVC TimerManager:registerTimer called after profile-before-change notification. Ignoring timer registration for id: telemetry_modules_ping
1553941908011	mozrunner::runner	INFO	Running command: "/usr/bin/firefox" "-marionette" "-foreground" "-no-remote" "-profile" "/tmp/rust_mozprofile.f2Xfke0NLesN"
1553941912200	Marionette	INFO	Listening on port 35917
1553941912265	Marionette	WARN	TLS certificate errors will be ignored for this session
JavaScript error: https://ss1.bdstatic.com/5eN1bjq8AAUYm2zgoY3K/r/www/cache/static/protocol/https/plugins/every_cookie_4644b13.js, line 4: ReferenceError: c is not defined
1553941988567	mozrunner::runner	INFO	Running command: "/usr/bin/firefox" "-marionette" "-foreground" "-no-remote" "-profile" "/tmp/rust_mozprofile.iiddbLAmhVVo"
1553941991505	Marionette	INFO	Listening on port 38069
1553941991581	Marionette	WARN	TLS certificate errors will be ignored for this session
JavaScript error: https://ss1.bdstatic.com/5eN1bjq8AAUYm2zgoY3K/r/www/cache/static/protocol/https/plugins/every_cookie_4644b13.js, line 4: ReferenceError: c is not defined
console.log: Accessibility service init or shutdown observer does not exist.
console.log: Accessibility service init or shutdown observer does not exist.
*** UTM:SVC TimerManager:registerTimer called after profile-before-change notification. Ignoring timer registration for id: telemetry_modules_ping
1553942086337	mozrunner::runner	INFO	Running command: "/usr/bin/firefox" "-marionette" "-foreground" "-no-remote" "-profile" "/tmp/rust_mozprofile.MSE3BRB9ZhoG"
1553942089152	Marionette	INFO	Listening on port 39075
1553942089245	Marionette	WARN	TLS certificate errors will be ignored for this session
JavaScript error: https://ss1.bdstatic.com/5eN1bjq8AAUYm2zgoY3K/r/www/cache/static/protocol/https/plugins/every_cookie_4644b13.js, line 4: ReferenceError: c is not defined
console.warn: LoginRecipes: getRecipes: falling back to a synchronous message for: https://www.baidu.com
JavaScript warning: https://csdnimg.cn/public/common/libs/jquery/jquery-1.9.1.min.js, line 1: Using //@ to indicate sourceMappingURL pragmas is deprecated. Use //# instead
JavaScript warning: https://csdnimg.cn/rabbit/exposure-click/main-1.0.6.js, line 556: unreachable code after return statement
JavaScript warning: https://csdnimg.cn/rabbit/exposure-click/main-1.0.6.js, line 556: unreachable code after return statement
JavaScript warning: https://csdnimg.cn/public/common/libs/jquery/jquery-1.9.1.min.js, line 1: Using //@ to indicate sourceMappingURL pragmas is deprecated. Use //# instead
JavaScript warning: https://csdnimg.cn/rabbit/exposure-click/main-1.0.6.js, line 556: unreachable code after return statement
JavaScript warning: https://csdnimg.cn/rabbit/exposure-click/main-1.0.6.js, line 556: unreachable code after return statement
JavaScript error: https://csdnimg.cn/release/phoenix/template/js/detail-715f188409.min.js, line 4: TypeError: events[system(...)] is undefined
JavaScript error: https://csdnimg.cn/release/phoenix/template/js/detail-715f188409.min.js, line 4: TypeError: events[system(...)] is undefined
JavaScript error: resource://devtools/shared/base-loader.js -> resource://devtools/server/actors/highlighters/box-model.js, line 416: TypeError: quads is undefined
console.warn: LoginRecipes: getRecipes: falling back to a synchronous message for: https://www.baidu.com
JavaScript error: resource://devtools/shared/base-loader.js -> resource://devtools/server/actors/highlighters/box-model.js, line 416: TypeError: quads is undefined
JavaScript error: resource://devtools/shared/base-loader.js -> resource://devtools/server/actors/highlighters/box-model.js, line 416: TypeError: quads is undefined
JavaScript warning: https://csdnimg.cn/public/common/libs/jquery/jquery-1.9.1.min.js, line 1: Using //@ to indicate sourceMappingURL pragmas is deprecated. Use //# instead
JavaScript warning: https://csdnimg.cn/rabbit/exposure-click/main-1.0.6.js, line 556: unreachable code after return statement
JavaScript warning: https://csdnimg.cn/rabbit/exposure-click/main-1.0.6.js, line 556: unreachable code after return statement
JavaScript error: resource://devtools/shared/base-loader.js -> resource://devtools/server/actors/highlighters/box-model.js, line 416: TypeError: quads is undefined
JavaScript error: resource://devtools/shared/base-loader.js -> resource://devtools/server/actors/highlighters/box-model.js, line 416: TypeError: quads is undefined
JavaScript error: https://csdnimg.cn/release/phoenix/template/js/detail-715f188409.min.js, line 4: TypeError: events[system(...)] is undefined
1553942472854	mozrunner::runner	INFO	Running command: "/usr/bin/firefox" "-marionette" "-foreground" "-no-remote" "-profile" "/tmp/rust_mozprofile.CwRj9KYE0d97"
1553942475764	Marionette	INFO	Listening on port 41567
1553942475866	Marionette	WARN	TLS certificate errors will be ignored for this session
JavaScript error: https://ss1.bdstatic.com/5eN1bjq8AAUYm2zgoY3K/r/www/cache/static/protocol/https/plugins/every_cookie_4644b13.js, line 4: ReferenceError: c is not defined
1553942525470	mozrunner::runner	INFO	Running command: "/usr/bin/firefox" "-marionette" "-foreground" "-no-remote" "-profile" "/tmp/rust_mozprofile.8Na09b7i5u1W"
1553942528565	Marionette	INFO	Listening on port 35643
1553942528583	Marionette	WARN	TLS certificate errors will be ignored for this session
JavaScript error: https://ss1.bdstatic.com/5eN1bjq8AAUYm2zgoY3K/r/www/cache/static/protocol/https/plugins/every_cookie_4644b13.js, line 4: ReferenceError: c is not defined
console.log: Accessibility service init or shutdown observer does not exist.
*** UTM:SVC TimerManager:registerTimer called after profile-before-change notification. Ignoring timer registration for id: telemetry_modules_ping
console.warn: LoginRecipes: getRecipes: falling back to a synchronous message for: https://www.baidu.com
JavaScript warning: https://csdnimg.cn/public/common/libs/jquery/jquery-1.9.1.min.js, line 1: Using //@ to indicate sourceMappingURL pragmas is deprecated. Use //# instead
JavaScript warning: https://csdnimg.cn/rabbit/exposure-click/main-1.0.6.js, line 556: unreachable code after return statement
JavaScript warning: https://csdnimg.cn/rabbit/exposure-click/main-1.0.6.js, line 556: unreachable code after return statement
console.log: Accessibility service init or shutdown observer does not exist.
JavaScript error: resource:///modules/FormSubmitObserver.jsm, line 214: TypeError: this._mm is null
JavaScript error: https://csdnimg.cn/public/common/libs/jquery/jquery-1.9.1.min.js, line 5: TypeError: r is undefined

###!!! [Child][RunMessage] Error: Channel closing: too late to send/recv, messages will be lost


###!!! [Child][RunMessage] Error: Channel closing: too late to send/recv, messages will be lost


###!!! [Child][RunMessage] Error: Channel closing: too late to send/recv, messages will be lost

1553942646020	mozrunner::runner	INFO	Running command: "/usr/bin/firefox" "-marionette" "-foreground" "-no-remote" "-profile" "/tmp/rust_mozprofile.BmLPdaZ3DwVa"
1553942649128	Marionette	INFO	Listening on port 34185
1553942649228	Marionette	WARN	TLS certificate errors will be ignored for this session
JavaScript error: https://ss1.bdstatic.com/5eN1bjq8AAUYm2zgoY3K/r/www/cache/static/protocol/https/plugins/every_cookie_4644b13.js, line 4: ReferenceError: c is not defined
console.log: Accessibility service init or shutdown observer does not exist.
*** UTM:SVC TimerManager:registerTimer called after profile-before-change notification. Ignoring timer registration for id: telemetry_modules_ping
JavaScript error: resource://devtools/shared/base-loader.js -> resource://devtools/server/actors/highlighters/box-model.js, line 416: TypeError: quads is undefined
JavaScript error: resource://devtools/shared/base-loader.js -> resource://devtools/server/actors/highlighters/box-model.js, line 416: TypeError: quads is undefined
JavaScript warning: https://csdnimg.cn/public/common/libs/jquery/jquery-1.9.1.min.js, line 1: Using //@ to indicate sourceMappingURL pragmas is deprecated. Use //# instead
JavaScript warning: https://csdnimg.cn/rabbit/exposure-click/main-1.0.6.js, line 556: unreachable code after return statement
JavaScript warning: https://csdnimg.cn/rabbit/exposure-click/main-1.0.6.js, line 556: unreachable code after return statement
JavaScript warning: https://csdnimg.cn/public/common/libs/jquery/jquery-1.9.1.min.js, line 1: Using //@ to indicate sourceMappingURL pragmas is deprecated. Use //# instead
JavaScript warning: https://csdnimg.cn/rabbit/exposure-click/main-1.0.6.js, line 556: unreachable code after return statement
JavaScript warning: https://csdnimg.cn/rabbit/exposure-click/main-1.0.6.js, line 556: unreachable code after return statement
JavaScript error: https://csdnimg.cn/release/phoenix/template/js/detail-715f188409.min.js, line 4: TypeError: events[system(...)] is undefined
JavaScript error: https://csdnimg.cn/release/phoenix/template/js/detail-715f188409.min.js, line 4: TypeError: events[system(...)] is undefined
1553942766664	mozrunner::runner	INFO	Running command: "/usr/bin/firefox" "-marionette" "-foreground" "-no-remote" "-profile" "/tmp/rust_mozprofile.WQNWouZliTXv"
1553942769873	Marionette	INFO	Listening on port 40633
1553942769973	Marionette	WARN	TLS certificate errors will be ignored for this session
JavaScript error: https://ss1.bdstatic.com/5eN1bjq8AAUYm2zgoY3K/r/www/cache/static/protocol/https/plugins/every_cookie_4644b13.js, line 4: ReferenceError: c is not defined
console.log: Accessibility service init or shutdown observer does not exist.
*** UTM:SVC TimerManager:registerTimer called after profile-before-change notification. Ignoring timer registration for id: telemetry_modules_ping
1553942855485	mozrunner::runner	INFO	Running command: "/usr/bin/firefox" "-marionette" "-foreground" "-no-remote" "-profile" "/tmp/rust_mozprofile.KRbcBOW7LXT8"
1553942858586	Marionette	INFO	Listening on port 44093
1553942858595	Marionette	WARN	TLS certificate errors will be ignored for this session
JavaScript error: https://ss1.bdstatic.com/5eN1bjq8AAUYm2zgoY3K/r/www/cache/static/protocol/https/plugins/every_cookie_4644b13.js, line 4: ReferenceError: c is not defined
console.warn: LoginRecipes: getRecipes: falling back to a synchronous message for: https://www.baidu.com
1553942970127	mozrunner::runner	INFO	Running command: "/usr/bin/firefox" "-marionette" "-foreground" "-no-remote" "-profile" "/tmp/rust_mozprofile.RHuIXmARvDGH"
1553942973029	Marionette	INFO	Listening on port 40487
1553942973037	Marionette	WARN	TLS certificate errors will be ignored for this session
JavaScript error: https://ss1.bdstatic.com/5eN1bjq8AAUYm2zgoY3K/r/www/cache/static/protocol/https/plugins/every_cookie_4644b13.js, line 4: ReferenceError: c is not defined
console.log: Accessibility service init or shutdown observer does not exist.
*** UTM:SVC TimerManager:registerTimer called after profile-before-change notification. Ignoring timer registration for id: telemetry_modules_ping
console.log: Accessibility service init or shutdown observer does not exist.
JavaScript error: resource://devtools/shared/base-loader.js -> resource://devtools/server/actors/highlighters/box-model.js, line 416: TypeError: quads is undefined
JavaScript error: resource://devtools/shared/base-loader.js -> resource://devtools/server/actors/highlighters/box-model.js, line 416: TypeError: quads is undefined
JavaScript error: http://www.itdaan.com/keywords/Selenium+web+driver+cannot+be+scrolled+into+view.html, line 631: TypeError: $.browser is undefined
JavaScript error: resource://devtools/shared/base-loader.js -> resource://devtools/server/actors/highlighters/box-model.js, line 416: TypeError: quads is undefined
JavaScript error: resource://devtools/shared/base-loader.js -> resource://devtools/server/actors/highlighters/box-model.js, line 416: TypeError: quads is undefined
JavaScript error: http://www.itdaan.com/blog/2014/03/23/5e6aa138f29595e95a818f223f18452b.html, line 491: TypeError: $.browser is undefined
1553943504058	mozrunner::runner	INFO	Running command: "/usr/bin/firefox" "-marionette" "-foreground" "-no-remote" "-profile" "/tmp/rust_mozprofile.pyof0sOxBZup"
1553943506958	Marionette	INFO	Listening on port 41155
1553943506969	Marionette	WARN	TLS certificate errors will be ignored for this session
JavaScript error: https://ss1.bdstatic.com/5eN1bjq8AAUYm2zgoY3K/r/www/cache/static/protocol/https/plugins/every_cookie_4644b13.js, line 4: ReferenceError: c is not defined
1553943905516	mozrunner::runner	INFO	Running command: "/usr/bin/firefox" "-marionette" "-foreground" "-no-remote" "-profile" "/tmp/rust_mozprofile.U1gt383SLVMt"
1553943908455	Marionette	INFO	Listening on port 33347
1553943908529	Marionette	WARN	TLS certificate errors will be ignored for this session
JavaScript error: https://ss1.bdstatic.com/5eN1bjq8AAUYm2zgoY3K/r/www/cache/static/protocol/https/plugins/every_cookie_4644b13.js, line 4: ReferenceError: c is not defined
1553944001254	mozrunner::runner	INFO	Running command: "/usr/bin/firefox" "-marionette" "-foreground" "-no-remote" "-profile" "/tmp/rust_mozprofile.iKmQAaPSkBin"
1553944004134	Marionette	INFO	Listening on port 34131
1553944004183	Marionette	WARN	TLS certificate errors will be ignored for this session
JavaScript error: https://ss1.bdstatic.com/5eN1bjq8AAUYm2zgoY3K/r/www/cache/static/protocol/https/plugins/every_cookie_4644b13.js, line 4: ReferenceError: c is not defined
console.warn: LoginRecipes: getRecipes: falling back to a synchronous message for: https://passport.baidu.com
console.warn: nsLoginManager: searchLogins: `formSubmitURL` or `httpRealm` is recommended
console.warn: LoginRecipes: getRecipes: falling back to a synchronous message for: https://passport.baidu.com
console.warn: nsLoginManager: searchLogins: `formSubmitURL` or `httpRealm` is recommended
console.warn: LoginRecipes: getRecipes: falling back to a synchronous message for: https://passport.baidu.com
console.warn: nsLoginManager: searchLogins: `formSubmitURL` or `httpRealm` is recommended
1553944129749	mozrunner::runner	INFO	Running command: "/usr/bin/firefox" "-marionette" "-foreground" "-no-remote" "-profile" "/tmp/rust_mozprofile.KbcJdV0HhlZC"
1553944132772	Marionette	INFO	Listening on port 45129
1553944132866	Marionette	WARN	TLS certificate errors will be ignored for this session
JavaScript error: https://ss1.bdstatic.com/5eN1bjq8AAUYm2zgoY3K/r/www/cache/static/protocol/https/plugins/every_cookie_4644b13.js, line 4: ReferenceError: c is not defined
console.log: Accessibility service init or shutdown observer does not exist.
*** UTM:SVC TimerManager:registerTimer called after profile-before-change notification. Ignoring timer registration for id: telemetry_modules_ping
console.log: Accessibility service init or shutdown observer does not exist.
1553944206062	mozrunner::runner	INFO	Running command: "/usr/bin/firefox" "-marionette" "-foreground" "-no-remote" "-profile" "/tmp/rust_mozprofile.C1phDR3Hj0Zx"
1553944209087	Marionette	INFO	Listening on port 43509
1553944209172	Marionette	WARN	TLS certificate errors will be ignored for this session
JavaScript error: https://ss1.bdstatic.com/5eN1bjq8AAUYm2zgoY3K/r/www/cache/static/protocol/https/plugins/every_cookie_4644b13.js, line 4: ReferenceError: c is not defined
console.warn: LoginRecipes: getRecipes: falling back to a synchronous message for: https://passport.baidu.com
console.warn: nsLoginManager: searchLogins: `formSubmitURL` or `httpRealm` is recommended
1553944318398	mozrunner::runner	INFO	Running command: "/usr/bin/firefox" "-marionette" "-foreground" "-no-remote" "-profile" "/tmp/rust_mozprofile.cnVNI996vStj"
1553944321436	Marionette	INFO	Listening on port 45327
1553944321512	Marionette	WARN	TLS certificate errors will be ignored for this session
JavaScript error: https://ss1.bdstatic.com/5eN1bjq8AAUYm2zgoY3K/r/www/cache/static/protocol/https/plugins/every_cookie_4644b13.js, line 4: ReferenceError: c is not defined
console.warn: LoginRecipes: getRecipes: falling back to a synchronous message for: https://www.baidu.com
JavaScript error: , line 0: uncaught exception: TagError: adsbygoogle.push() error: No slot size for availableWidth=0
JavaScript error: , line 0: uncaught exception: TagError: adsbygoogle.push() error: No slot size for availableWidth=0
JavaScript error: , line 0: uncaught exception: TagError: adsbygoogle.push() error: No slot size for availableWidth=0
JavaScript error: https://s0.2mdn.net/sadbundle/2114959560199372800/Transformation_728x90/Transformation_728x90.html, line 76: ReferenceError: loader is not defined
JavaScript error: https://s0.2mdn.net/sadbundle/15648663468540690432/medicalIT_728x90/medicalIT_728x90.html, line 76: ReferenceError: loader is not defined
JavaScript error: https://www.e-learn.cn/content/wangluowenzhang/760155, line 483: TypeError: box is null
1553944531603	mozrunner::runner	INFO	Running command: "/usr/bin/firefox" "-marionette" "-foreground" "-no-remote" "-profile" "/tmp/rust_mozprofile.ekhMXlazzCKb"
1553944534732	Marionette	INFO	Listening on port 36981
1553944534811	Marionette	WARN	TLS certificate errors will be ignored for this session
JavaScript error: https://ss1.bdstatic.com/5eN1bjq8AAUYm2zgoY3K/r/www/cache/static/protocol/https/plugins/every_cookie_4644b13.js, line 4: ReferenceError: c is not defined
1553944613874	mozrunner::runner	INFO	Running command: "/usr/bin/firefox" "-marionette" "-foreground" "-no-remote" "-profile" "/tmp/rust_mozprofile.CwDazegWET1k"
1553944617341	Marionette	INFO	Listening on port 37683
1553944617389	Marionette	WARN	TLS certificate errors will be ignored for this session
console.log: Accessibility service init or shutdown observer does not exist.
*** UTM:SVC TimerManager:registerTimer called after profile-before-change notification. Ignoring timer registration for id: telemetry_modules_ping
console.log: Accessibility service init or shutdown observer does not exist.
console.log: Accessibility service init or shutdown observer does not exist.
console.log: Accessibility service init or shutdown observer does not exist.
console.log: Accessibility service init or shutdown observer does not exist.
JavaScript error: http://bdimg.share.baidu.com/static/api/js/trans/logger.js?v=60603cb3.js, line 1: TypeError: n.ajax.request is not a function
console.log: Accessibility service init or shutdown observer does not exist.
console.log: Accessibility service init or shutdown observer does not exist.
1553945767607	mozrunner::runner	INFO	Running command: "/usr/bin/firefox" "-marionette" "-foreground" "-no-remote" "-profile" "/tmp/rust_mozprofile.Nr0yawUE8fOU"
1553945770702	Marionette	INFO	Listening on port 43063
1553945770723	Marionette	WARN	TLS certificate errors will be ignored for this session
JavaScript error: https://ss1.bdstatic.com/5eN1bjq8AAUYm2zgoY3K/r/www/cache/static/protocol/https/plugins/every_cookie_4644b13.js, line 4: ReferenceError: c is not defined
1553945792178	mozrunner::runner	INFO	Running command: "/usr/bin/firefox" "-marionette" "-foreground" "-no-remote" "-profile" "/tmp/rust_mozprofile.Fhm78Ax0WlaI"
1553945795641	Marionette	INFO	Listening on port 35975
1553945795688	Marionette	WARN	TLS certificate errors will be ignored for this session
JavaScript error: https://ss1.bdstatic.com/5eN1bjq8AAUYm2zgoY3K/r/www/cache/static/protocol/https/plugins/every_cookie_4644b13.js, line 4: ReferenceError: c is not defined
console.log: Accessibility service init or shutdown observer does not exist.
*** UTM:SVC TimerManager:registerTimer called after profile-before-change notification. Ignoring timer registration for id: telemetry_modules_ping
console.log: Accessibility service init or shutdown observer does not exist.
*** UTM:SVC TimerManager:registerTimer called after profile-before-change notification. Ignoring timer registration for id: telemetry_modules_ping
1553945854893	mozrunner::runner	INFO	Running command: "/usr/bin/firefox" "-marionette" "-foreground" "-no-remote" "-profile" "/tmp/rust_mozprofile.mOIgAqADcUQA"
1553945858199	Marionette	INFO	Listening on port 38421
1553945858207	Marionette	WARN	TLS certificate errors will be ignored for this session
JavaScript error: https://ss1.bdstatic.com/5eN1bjq8AAUYm2zgoY3K/r/www/cache/static/protocol/https/plugins/every_cookie_4644b13.js, line 4: ReferenceError: c is not defined
1553946056894	mozrunner::runner	INFO	Running command: "/usr/bin/firefox" "-marionette" "-foreground" "-no-remote" "-profile" "/tmp/rust_mozprofile.29J6E8M9rRZR"
1553946060350	Marionette	INFO	Listening on port 37695
1553946060403	Marionette	WARN	TLS certificate errors will be ignored for this session
JavaScript error: https://ss1.bdstatic.com/5eN1bjq8AAUYm2zgoY3K/r/www/cache/static/protocol/https/plugins/every_cookie_4644b13.js, line 4: ReferenceError: c is not defined
1553946093644	mozrunner::runner	INFO	Running command: "/usr/bin/firefox" "-marionette" "-foreground" "-no-remote" "-profile" "/tmp/rust_mozprofile.r4BrN9pcEVWg"
1553946097191	Marionette	INFO	Listening on port 38959
1553946097254	Marionette	WARN	TLS certificate errors will be ignored for this session
JavaScript error: https://ss1.bdstatic.com/5eN1bjq8AAUYm2zgoY3K/r/www/cache/static/protocol/https/plugins/every_cookie_4644b13.js, line 4: ReferenceError: c is not defined
1553946453559	mozrunner::runner	INFO	Running command: "/usr/bin/firefox" "-marionette" "-foreground" "-no-remote" "-profile" "/tmp/rust_mozprofile.q96j8tAIhYJJ"
1553946456785	Marionette	INFO	Listening on port 37481
1553946456868	Marionette	WARN	TLS certificate errors will be ignored for this session
JavaScript error: https://ss1.bdstatic.com/5eN1bjq8AAUYm2zgoY3K/r/www/cache/static/protocol/https/plugins/every_cookie_4644b13.js, line 4: ReferenceError: c is not defined
1553946522737	mozrunner::runner	INFO	Running command: "/usr/bin/firefox" "-marionette" "-foreground" "-no-remote" "-profile" "/tmp/rust_mozprofile.v574xExVO6X2"
1553946526227	Marionette	INFO	Listening on port 43363
1553946526251	Marionette	WARN	TLS certificate errors will be ignored for this session
JavaScript error: https://ss1.bdstatic.com/5eN1bjq8AAUYm2zgoY3K/r/www/cache/static/protocol/https/plugins/every_cookie_4644b13.js, line 4: ReferenceError: c is not defined
1553946634759	mozrunner::runner	INFO	Running command: "/usr/bin/firefox" "-marionette" "-foreground" "-no-remote" "-profile" "/tmp/rust_mozprofile.AXn4otSofGJy"
1553946638222	Marionette	INFO	Listening on port 36233
1553946638269	Marionette	WARN	TLS certificate errors will be ignored for this session
JavaScript error: https://ss1.bdstatic.com/5eN1bjq8AAUYm2zgoY3K/r/www/cache/static/protocol/https/plugins/every_cookie_4644b13.js, line 4: ReferenceError: c is not defined
1553947044141	mozrunner::runner	INFO	Running command: "/usr/bin/firefox" "-marionette" "-foreground" "-no-remote" "-profile" "/tmp/rust_mozprofile.VTSWIjgluqyF"
1553947047262	Marionette	INFO	Listening on port 36493
1553947047353	Marionette	WARN	TLS certificate errors will be ignored for this session
JavaScript error: https://ss1.bdstatic.com/5eN1bjq8AAUYm2zgoY3K/r/www/cache/static/protocol/https/plugins/every_cookie_4644b13.js, line 4: ReferenceError: c is not defined
1553947159312	mozrunner::runner	INFO	Running command: "/usr/bin/firefox" "-marionette" "-foreground" "-no-remote" "-profile" "/tmp/rust_mozprofile.rimbFY0uEEaa"
1553947162752	Marionette	INFO	Listening on port 34061
1553947162821	Marionette	WARN	TLS certificate errors will be ignored for this session
JavaScript error: https://ss1.bdstatic.com/5eN1bjq8AAUYm2zgoY3K/r/www/cache/static/protocol/https/plugins/every_cookie_4644b13.js, line 4: ReferenceError: c is not defined
console.log: Accessibility service init or shutdown observer does not exist.
*** UTM:SVC TimerManager:registerTimer called after profile-before-change notification. Ignoring timer registration for id: telemetry_modules_ping
1553947269557	mozrunner::runner	INFO	Running command: "/usr/bin/firefox" "-marionette" "-foreground" "-no-remote" "-profile" "/tmp/rust_mozprofile.ekFQtVCBx1Z8"
1553947272684	Marionette	INFO	Listening on port 42459
1553947272765	Marionette	WARN	TLS certificate errors will be ignored for this session
JavaScript error: https://ss1.bdstatic.com/5eN1bjq8AAUYm2zgoY3K/r/www/cache/static/protocol/https/plugins/every_cookie_4644b13.js, line 4: ReferenceError: c is not defined
console.log: Accessibility service init or shutdown observer does not exist.
*** UTM:SVC TimerManager:registerTimer called after profile-before-change notification. Ignoring timer registration for id: telemetry_modules_ping
1553947290078	mozrunner::runner	INFO	Running command: "/usr/bin/firefox" "-marionette" "-foreground" "-no-remote" "-profile" "/tmp/rust_mozprofile.qJzIhCoB98Hx"
1553947293236	Marionette	INFO	Listening on port 44181
1553947293287	Marionette	WARN	TLS certificate errors will be ignored for this session
JavaScript error: https://ss1.bdstatic.com/5eN1bjq8AAUYm2zgoY3K/r/www/cache/static/protocol/https/plugins/every_cookie_4644b13.js, line 4: ReferenceError: c is not defined
console.log: Accessibility service init or shutdown observer does not exist.
*** UTM:SVC TimerManager:registerTimer called after profile-before-change notification. Ignoring timer registration for id: telemetry_modules_ping
